<?xml version="1.0" encoding="UTF-8"?>
<!-- Generated by org.testng.reporters.JUnitReportReporter -->
<testsuite skipped="0" hostname="CBT-MH-000" name="Automation1.PHPTravels.TestHotelsSearch" tests="1" failures="0" timestamp="11 Oct 2019 09:05:24 GMT" time="25.472" errors="0">
  <testcase name="hotelSerch" time="25.472" classname="Automation1.PHPTravels.TestHotelsSearch"/>
</testsuite> <!-- Automation1.PHPTravels.TestHotelsSearch -->
