<?xml version="1.0" encoding="UTF-8"?>
<!-- Generated by org.testng.reporters.JUnitReportReporter -->
<testsuite skipped="0" hostname="CBT-MH-000" name="Automation1.PHPTravels.TestToursBooking" tests="1" failures="0" timestamp="05 Oct 2019 09:54:23 GMT" time="33.100" errors="0">
  <testcase name="toursbooking" time="33.100" classname="Automation1.PHPTravels.TestToursBooking"/>
</testsuite> <!-- Automation1.PHPTravels.TestToursBooking -->
