<?xml version="1.0" encoding="UTF-8"?>
<!-- Generated by org.testng.reporters.JUnitReportReporter -->
<testsuite skipped="0" hostname="CBT-MH-000" name="Automation1.PHPTravels.TestToursSearch" tests="1" failures="0" timestamp="05 Oct 2019 06:38:32 GMT" time="24.217" errors="0">
  <testcase name="ToursSearch" time="24.217" classname="Automation1.PHPTravels.TestToursSearch"/>
</testsuite> <!-- Automation1.PHPTravels.TestToursSearch -->
