<?xml version="1.0" encoding="UTF-8"?>
<!-- Generated by org.testng.reporters.JUnitReportReporter -->
<testsuite skipped="0" hostname="CBT-MH-000" name="Automation1.PHPTravels.TestRegistration" tests="1" failures="0" timestamp="11 Oct 2019 08:43:56 GMT" time="25.237" errors="0">
  <testcase name="registration" time="25.237" classname="Automation1.PHPTravels.TestRegistration"/>
</testsuite> <!-- Automation1.PHPTravels.TestRegistration -->
